Arguments: 
  /usr/local/Cellar/node/14.1.0/bin/node /Users/macbook/.yarn/bin/yarn.js add apollo apollo-boost @appolo/react-hooks react react-blessed react-devtools react-router ws open keytar graphql form-data dotenv cross-fetch blessed babel-plugin-transform-class-properties @babel/core @babel/preset-env @babel/preset-typescript @babel/register

PATH: 
  /Users/macbook/.yarn/bin:/Users/macbook/.config/yarn/global/node_modules/.bin:/usr/local/bin:/usr/bin/git:/usr/bin:/usr/local/sbin:/usr/local/bin:/usr/bin:/bin:/usr/sbin:/sbin:/Library/Apple/usr/bin:/Users/macbook/opt/anaconda3/bin:/Users/macbook/opt/anaconda3/condabin:/Users/macbook/.yarn/bin:/Users/macbook/.config/yarn/global/node_modules/.bin:/usr/bin/git:/usr/local/sbin:/Users/macbook/Library/Android/sdk/tools:/Users/macbook/Library/Android/sdk/tools/bin:/Users/macbook/Library/Android/sdk/platform-tools:/Users/macbook/flutter/bin:/Users/macbook/Library/Android/sdk/tools:/Users/macbook/Library/Android/sdk/tools/bin:/Users/macbook/Library/Android/sdk/platform-tools:/Users/macbook/flutter/bin

Yarn version: 
  1.16.0

Node version: 
  14.1.0

Platform: 
  darwin x64

Trace: 
  Error: https://registry.yarnpkg.com/@appolo%2freact-hooks: Not found
      at Request.params.callback [as _callback] (/Users/macbook/.yarn/lib/cli.js:66091:18)
      at Request.self.callback (/Users/macbook/.yarn/lib/cli.js:129590:22)
      at Request.emit (events.js:315:20)
      at Request.<anonymous> (/Users/macbook/.yarn/lib/cli.js:130562:10)
      at Request.emit (events.js:315:20)
      at IncomingMessage.<anonymous> (/Users/macbook/.yarn/lib/cli.js:130484:12)
      at Object.onceWrapper (events.js:421:28)
      at IncomingMessage.emit (events.js:327:22)
      at endReadableNT (_stream_readable.js:1223:12)
      at processTicksAndRejections (internal/process/task_queues.js:84:21)

npm manifest: 
  {
    "name": "github-client",
    "version": "1.0.0",
    "description": "",
    "main": "index.js",
    "scripts": {
      "test": "echo \"Error: no test specified\" && exit 1",
      "start": "babel-node --inspect src/index.tsx extensions \".js,.jsx,.ts,.tsx\""
    },
    "keywords": [],
    "author": "",
    "license": "ISC",
    "dependencies": {
      "babel-node": "^0.0.1-security"
    }
  }

yarn manifest: 
  No manifest

Lockfile: 
  # THIS IS AN AUTOGENERATED FILE. DO NOT EDIT THIS FILE DIRECTLY.
  # yarn lockfile v1
  
  
  babel-node@^0.0.1-security:
    version "0.0.1-security"
    resolved "https://registry.yarnpkg.com/babel-node/-/babel-node-0.0.1-security.tgz#cbff6d9e7a2acb4065c1839c234d5c57091d7217"
    integrity sha512-zF3D9H2FA2xrP+B/X462G+38aHpmR+33jBF7NowfPuV4CiPEzAR1Typ1RC+qPfe0vCeWeV0FLG2pfVGb0vIfeg==
